[debug] [2022-03-27T04:10:04.080Z] ----------------------------------------------------------------------
[debug] [2022-03-27T04:10:04.082Z] Command:       /usr/local/Cellar/node/17.7.2/bin/node /usr/local/bin/firebase init
[debug] [2022-03-27T04:10:04.082Z] CLI Version:   10.4.1
[debug] [2022-03-27T04:10:04.083Z] Platform:      darwin
[debug] [2022-03-27T04:10:04.083Z] Node Version:  v17.7.2
[debug] [2022-03-27T04:10:04.084Z] Time:          Sun Mar 27 2022 12:10:04 GMT+0800 (中国标准时间)
[debug] [2022-03-27T04:10:04.084Z] ----------------------------------------------------------------------
[debug] 
[debug] [2022-03-27T04:10:04.088Z] >>> [apiv2][query] GET https://firebase-public.firebaseio.com/cli.json [none]
[debug] [2022-03-27T04:10:04.102Z] > command requires scopes: ["email","openid","https://www.googleapis.com/auth/cloudplatformprojects.readonly","https://www.googleapis.com/auth/firebase","https://www.googleapis.com/auth/cloud-platform"]
[debug] [2022-03-27T04:10:04.102Z] > authorizing via signed-in user (erickwok404@gmail.com)
[info] 
     ######## #### ########  ######## ########     ###     ######  ########
     ##        ##  ##     ## ##       ##     ##  ##   ##  ##       ##
     ######    ##  ########  ######   ########  #########  ######  ######
     ##        ##  ##    ##  ##       ##     ## ##     ##       ## ##
     ##       #### ##     ## ######## ########  ##     ##  ######  ########

You're about to initialize a Firebase project in this directory:

  /Volumes/Data/eric/Documents/出题器

[debug] [2022-03-27T04:10:04.823Z] <<< [apiv2][status] GET https://firebase-public.firebaseio.com/cli.json 200
[debug] [2022-03-27T04:10:04.823Z] <<< [apiv2][body] GET https://firebase-public.firebaseio.com/cli.json {"cloudBuildErrorAfter":1594252800000,"cloudBuildWarnAfter":1590019200000,"defaultNode10After":1594252800000,"minVersion":"3.0.5","node8DeploysDisabledAfter":1613390400000,"node8RuntimeDisabledAfter":1615809600000,"node8WarnAfter":1600128000000}
[info] 
=== Project Setup
[info] 
[info] First, let's associate this project directory with a Firebase project.
[info] You can create multiple project aliases by running firebase use --add, 
[info] but for now we'll just set up a default project.
[info] 
[info] i  If you want to create a project in a Google Cloud organization or folder, please use "firebase projects:create" instead, and return to this command when you've created the project. 
[debug] [2022-03-27T04:11:34.503Z] > refreshing access token with scopes: ["email","https://www.googleapis.com/auth/cloud-platform","https://www.googleapis.com/auth/cloudplatformprojects.readonly","https://www.googleapis.com/auth/firebase","openid"]
[debug] [2022-03-27T04:11:34.503Z] >>> HTTP REQUEST POST https://www.googleapis.com/oauth2/v3/token  
 <request body omitted>
[debug] [2022-03-27T04:11:37.750Z] FirebaseError: Authentication Error: Your credentials are no longer valid. Please run firebase login --reauth

For CI servers and headless environments, generate a new token with firebase login:ci
    at invalidCredentialError (/usr/local/Cellar/firebase-cli/10.4.1/libexec/lib/node_modules/firebase-tools/lib/auth.js:145:12)
    at refreshTokens (/usr/local/Cellar/firebase-cli/10.4.1/libexec/lib/node_modules/firebase-tools/lib/auth.js:485:15)
    at processTicksAndRejections (node:internal/process/task_queues:96:5)
    at async createCloudProject (/usr/local/Cellar/firebase-cli/10.4.1/libexec/lib/node_modules/firebase-tools/lib/management/projects.js:175:26)
    at async createFirebaseProjectAndLog (/usr/local/Cellar/firebase-cli/10.4.1/libexec/lib/node_modules/firebase-tools/lib/management/projects.js:46:9)
    at async promptAndCreateNewProject (/usr/local/Cellar/firebase-cli/10.4.1/libexec/lib/node_modules/firebase-tools/lib/init/features/project.js:32:12)
    at async doSetup (/usr/local/Cellar/firebase-cli/10.4.1/libexec/lib/node_modules/firebase-tools/lib/init/features/project.js:88:27)
    at async init (/usr/local/Cellar/firebase-cli/10.4.1/libexec/lib/node_modules/firebase-tools/lib/init/index.js:36:9)
[error] 
[error] Error: Failed to create project. See firebase-debug.log for more info.
